This is pdfTeX, Version 3.14159265-2.6-1.40.21 (MiKTeX 21.1) (preloaded format=pdflatex 2021.2.16)  17 FEB 2021 15:33
entering extended mode
**"c:/Users/merli/OneDrive - King's College London/modules/Data Mining 7CCSMDM1/Coursework/CW1/Report.tex"
("c:/Users/merli/OneDrive - King's College London/modules/Data Mining 7CCSMDM1/Coursework/CW1/Report.tex"
LaTeX2e <2020-10-01> patch level 4
L3 programming layer <2021-01-09> xparse <2020-03-03> (C:\Users\merli\AppData\Local\Programs\MiKTeX\tex/latex/base\article.cls
Document Class: article 2020/04/10 v1.4m Standard LaTeX document class
(C:\Users\merli\AppData\Local\Programs\MiKTeX\tex/latex/base\size10.clo
File: size10.clo 2020/04/10 v1.4m Standard LaTeX file (size option)
)
\c@part=\count177
\c@section=\count178
\c@subsection=\count179
\c@subsubsection=\count180
\c@paragraph=\count181
\c@subparagraph=\count182
\c@figure=\count183
\c@table=\count184
\abovecaptionskip=\skip47
\belowcaptionskip=\skip48
\bibindent=\dimen138
) (C:\Users\merli\AppData\Local\Programs\MiKTeX\tex/latex/geometry\geometry.sty
Package: geometry 2020/01/02 v5.9 Page Geometry
 (C:\Users\merli\AppData\Local\Programs\MiKTeX\tex/latex/graphics\keyval.sty
Package: keyval 2014/10/28 v1.15 key=value parser (DPC)
\KV@toks@=\toks15
) (C:\Users\merli\AppData\Local\Programs\MiKTeX\tex/generic/iftex\ifvtex.sty
Package: ifvtex 2019/10/25 v1.7 ifvtex legacy package. Use iftex instead.
 (C:\Users\merli\AppData\Local\Programs\MiKTeX\tex/generic/iftex\iftex.sty
Package: iftex 2020/03/06 v1.0d TeX engine tests
))
\Gm@cnth=\count185
\Gm@cntv=\count186
\c@Gm@tempcnt=\count187
\Gm@bindingoffset=\dimen139
\Gm@wd@mp=\dimen140
\Gm@odd@mp=\dimen141
\Gm@even@mp=\dimen142
\Gm@layoutwidth=\dimen143
\Gm@layoutheight=\dimen144
\Gm@layouthoffset=\dimen145
\Gm@layoutvoffset=\dimen146
\Gm@dimlist=\toks16
 (C:\Users\merli\AppData\Local\Programs\MiKTeX\tex/latex/geometry\geometry.cfg)) (C:\Users\merli\AppData\Local\Programs\MiKTeX\tex/latex/graphics\graphicx.sty
Package: graphicx 2020/09/09 v1.2b Enhanced LaTeX Graphics (DPC,SPQR)
 (C:\Users\merli\AppData\Local\Programs\MiKTeX\tex/latex/graphics\graphics.sty
Package: graphics 2020/08/30 v1.4c Standard LaTeX Graphics (DPC,SPQR)
 (C:\Users\merli\AppData\Local\Programs\MiKTeX\tex/latex/graphics\trig.sty
Package: trig 2016/01/03 v1.10 sin cos tan (DPC)
) (C:\Users\merli\AppData\Local\Programs\MiKTeX\tex/latex/graphics-cfg\graphics.cfg
File: graphics.cfg 2016/06/04 v1.11 sample graphics configuration
)
Package graphics Info: Driver file: pdftex.def on input line 105.
 (C:\Users\merli\AppData\Local\Programs\MiKTeX\tex/latex/graphics-def\pdftex.def
File: pdftex.def 2020/10/05 v1.2a Graphics/color driver for pdftex
))
\Gin@req@height=\dimen147
\Gin@req@width=\dimen148
) (C:\Users\merli\AppData\Local\Programs\MiKTeX\tex/latex/subfig\subfig.sty
Package: subfig 2005/06/28 ver: 1.3 subfig package
 (C:\Users\merli\AppData\Local\Programs\MiKTeX\tex/latex/caption\caption.sty
Package: caption 2020/10/26 v3.5g Customizing captions (AR)
 (C:\Users\merli\AppData\Local\Programs\MiKTeX\tex/latex/caption\caption3.sty
Package: caption3 2020/10/21 v2.2e caption3 kernel (AR)
\captionmargin=\dimen149
\captionmargin@=\dimen150
\captionwidth=\dimen151
\caption@tempdima=\dimen152
\caption@indent=\dimen153
\caption@parindent=\dimen154
\caption@hangindent=\dimen155
Package caption Info: Standard document class detected.
)
\c@caption@flags=\count188
\c@continuedfloat=\count189
)
\c@KVtest=\count190
\sf@farskip=\skip49
\sf@captopadj=\dimen156
\sf@capskip=\skip50
\sf@nearskip=\skip51
\c@subfigure=\count191
\c@subfigure@save=\count192
\c@lofdepth=\count193
\c@subtable=\count194
\c@subtable@save=\count195
\c@lotdepth=\count196
\sf@top=\skip52
\sf@bottom=\skip53
) (C:\Users\merli\AppData\Local\Programs\MiKTeX\tex/latex/l3backend\l3backend-pdftex.def
File: l3backend-pdftex.def 2021-01-09 L3 backend support: PDF output (pdfTeX)
\l__kernel_color_stack_int=\count197
\l__pdf_internal_box=\box47
) ("c:/Users\merli\OneDrive - King's College London\modules\Data Mining 7CCSMDM1\Coursework\CW1\Report.aux")
\openout1 = `Report.aux'.

LaTeX Font Info:    Checking defaults for OML/cmm/m/it on input line 36.
LaTeX Font Info:    ... okay on input line 36.
LaTeX Font Info:    Checking defaults for OMS/cmsy/m/n on input line 36.
LaTeX Font Info:    ... okay on input line 36.
LaTeX Font Info:    Checking defaults for OT1/cmr/m/n on input line 36.
LaTeX Font Info:    ... okay on input line 36.
LaTeX Font Info:    Checking defaults for T1/cmr/m/n on input line 36.
LaTeX Font Info:    ... okay on input line 36.
LaTeX Font Info:    Checking defaults for TS1/cmr/m/n on input line 36.
LaTeX Font Info:    ... okay on input line 36.
LaTeX Font Info:    Checking defaults for OMX/cmex/m/n on input line 36.
LaTeX Font Info:    ... okay on input line 36.
LaTeX Font Info:    Checking defaults for U/cmr/m/n on input line 36.
LaTeX Font Info:    ... okay on input line 36.

*geometry* driver: auto-detecting
*geometry* detected driver: pdftex
*geometry* verbose mode - [ preamble ] result:
* driver: pdftex
* paper: a4paper
* layout: <same size as paper>
* layoutoffset:(h,v)=(0.0pt,0.0pt)
* modes: 
* h-part:(L,W,R)=(56.9055pt, 483.69684pt, 56.90553pt)
* v-part:(T,H,B)=(56.9055pt, 731.23582pt, 56.90552pt)
* \paperwidth=597.50787pt
* \paperheight=845.04684pt
* \textwidth=483.69684pt
* \textheight=731.23582pt
* \oddsidemargin=-15.36449pt
* \evensidemargin=-15.36449pt
* \topmargin=-52.36449pt
* \headheight=12.0pt
* \headsep=25.0pt
* \topskip=10.0pt
* \footskip=30.0pt
* \marginparwidth=65.0pt
* \marginparsep=11.0pt
* \columnsep=10.0pt
* \skip\footins=9.0pt plus 4.0pt minus 2.0pt
* \hoffset=0.0pt
* \voffset=0.0pt
* \mag=1000
* \@twocolumnfalse
* \@twosidefalse
* \@mparswitchfalse
* \@reversemarginfalse
* (1in=72.27pt=25.4mm, 1cm=28.453pt)

(C:\Users\merli\AppData\Local\Programs\MiKTeX\tex/context/base/mkii\supp-pdf.mkii
[Loading MPS to PDF converter (version 2006.09.02).]
\scratchcounter=\count198
\scratchdimen=\dimen157
\scratchbox=\box48
\nofMPsegments=\count199
\nofMParguments=\count266
\everyMPshowfont=\toks17
\MPscratchCnt=\count267
\MPscratchDim=\dimen158
\MPnumerator=\count268
\makeMPintoPDFobject=\count269
\everyMPtoPDFconversion=\toks18
) (C:\Users\merli\AppData\Local\Programs\MiKTeX\tex/latex/epstopdf-pkg\epstopdf-base.sty
Package: epstopdf-base 2020-01-24 v2.11 Base part for package epstopdf
Package epstopdf-base Info: Redefining graphics rule for `.eps' on input line 485.
)
Package caption Info: Begin \AtBeginDocument code.
Package caption Info: subfig package v1.3 is loaded.
Package caption Info: End \AtBeginDocument code.
LaTeX Font Info:    External font `cmex10' loaded for size
(Font)              <12> on input line 37.
LaTeX Font Info:    External font `cmex10' loaded for size
(Font)              <8> on input line 37.
LaTeX Font Info:    External font `cmex10' loaded for size
(Font)              <6> on input line 37.
LaTeX Font Info:    External font `cmex10' loaded for size
(Font)              <7> on input line 59.
LaTeX Font Info:    External font `cmex10' loaded for size
(Font)              <5> on input line 59.
 [1

{C:/Users/merli/AppData/Local/MiKTeX/pdftex/config/pdftex.map}]
Underfull \hbox (badness 10000) in paragraph at lines 198--201

 []

[2]
Underfull \hbox (badness 10000) in paragraph at lines 205--207

 []

<Fresh_Delicassen.png, id=19, 462.528pt x 346.896pt>
File: Fresh_Delicassen.png Graphic file (type png)
<use Fresh_Delicassen.png>
Package pdftex.def Info: Fresh_Delicassen.png  used on input line 260.
(pdftex.def)             Requested size: 156.49014pt x 117.3661pt.
<Detergents_Paper_Delicassen.png, id=21, 462.528pt x 346.896pt>
File: Detergents_Paper_Delicassen.png Graphic file (type png)
<use Detergents_Paper_Delicassen.png>
Package pdftex.def Info: Detergents_Paper_Delicassen.png  used on input line 261.
(pdftex.def)             Requested size: 156.49014pt x 117.3661pt.
<Fresh_Detergents_Paper.png, id=22, 462.528pt x 346.896pt>
File: Fresh_Detergents_Paper.png Graphic file (type png)
<use Fresh_Detergents_Paper.png>
Package pdftex.def Info: Fresh_Detergents_Paper.png  used on input line 262.
(pdftex.def)             Requested size: 156.49014pt x 117.3661pt.
<Fresh_Frozen.png, id=23, 462.528pt x 346.896pt>
File: Fresh_Frozen.png Graphic file (type png)
<use Fresh_Frozen.png>
Package pdftex.def Info: Fresh_Frozen.png  used on input line 263.
(pdftex.def)             Requested size: 156.49014pt x 117.3661pt.
<Fresh_Grocery.png, id=24, 462.528pt x 346.896pt>
File: Fresh_Grocery.png Graphic file (type png)
<use Fresh_Grocery.png>
Package pdftex.def Info: Fresh_Grocery.png  used on input line 264.
(pdftex.def)             Requested size: 156.49014pt x 117.3661pt.
<Fresh_Milk.png, id=25, 462.528pt x 346.896pt>
File: Fresh_Milk.png Graphic file (type png)
<use Fresh_Milk.png>
Package pdftex.def Info: Fresh_Milk.png  used on input line 265.
(pdftex.def)             Requested size: 156.49014pt x 117.3661pt.
<Frozen_Delicassen.png, id=26, 462.528pt x 346.896pt>
File: Frozen_Delicassen.png Graphic file (type png)
<use Frozen_Delicassen.png>
Package pdftex.def Info: Frozen_Delicassen.png  used on input line 266.
(pdftex.def)             Requested size: 156.49014pt x 117.3661pt.
<Frozen_Detergents_Paper.png, id=27, 462.528pt x 346.896pt>
File: Frozen_Detergents_Paper.png Graphic file (type png)
<use Frozen_Detergents_Paper.png>
Package pdftex.def Info: Frozen_Detergents_Paper.png  used on input line 267.
(pdftex.def)             Requested size: 156.49014pt x 117.3661pt.
<Grocery_Delicassen.png, id=28, 462.528pt x 346.896pt>
File: Grocery_Delicassen.png Graphic file (type png)
<use Grocery_Delicassen.png>
Package pdftex.def Info: Grocery_Delicassen.png  used on input line 268.
(pdftex.def)             Requested size: 156.49014pt x 117.3661pt.
<Grocery_Detergents_Paper.png, id=29, 462.528pt x 346.896pt>
File: Grocery_Detergents_Paper.png Graphic file (type png)
<use Grocery_Detergents_Paper.png>
Package pdftex.def Info: Grocery_Detergents_Paper.png  used on input line 269.
(pdftex.def)             Requested size: 156.49014pt x 117.3661pt.
<Grocery_Frozen.png, id=30, 462.528pt x 346.896pt>
File: Grocery_Frozen.png Graphic file (type png)
<use Grocery_Frozen.png>
Package pdftex.def Info: Grocery_Frozen.png  used on input line 270.
(pdftex.def)             Requested size: 156.49014pt x 117.3661pt.
<Milk_Delicassen.png, id=31, 462.528pt x 346.896pt>
File: Milk_Delicassen.png Graphic file (type png)
<use Milk_Delicassen.png>
Package pdftex.def Info: Milk_Delicassen.png  used on input line 271.
(pdftex.def)             Requested size: 156.49014pt x 117.3661pt.
<Milk_Detergents_Paper.png, id=32, 462.528pt x 346.896pt>
File: Milk_Detergents_Paper.png Graphic file (type png)
<use Milk_Detergents_Paper.png>
Package pdftex.def Info: Milk_Detergents_Paper.png  used on input line 272.
(pdftex.def)             Requested size: 156.49014pt x 117.3661pt.
<Milk_Frozen.png, id=33, 462.528pt x 346.896pt>
File: Milk_Frozen.png Graphic file (type png)
<use Milk_Frozen.png>
Package pdftex.def Info: Milk_Frozen.png  used on input line 273.
(pdftex.def)             Requested size: 156.49014pt x 117.3661pt.
<Milk_Grocery.png, id=34, 462.528pt x 346.896pt>
File: Milk_Grocery.png Graphic file (type png)
<use Milk_Grocery.png>
Package pdftex.def Info: Milk_Grocery.png  used on input line 274.
(pdftex.def)             Requested size: 156.49014pt x 117.3661pt.

Overfull \hbox (47.62627pt too wide) in paragraph at lines 257--276
 []|  [] 
 []


Underfull \hbox (badness 10000) in paragraph at lines 288--295

 []


Underfull \hbox (badness 10000) in paragraph at lines 296--299

 []


Underfull \hbox (badness 10000) in paragraph at lines 300--306

 []

[3] [4 <c:/Users/merli/OneDrive - King's College London/modules/Data Mining 7CCSMDM1/Coursework/CW1/Fresh_Delicassen.png> <c:/Users/merli/OneDrive - King's College London/modules/Data Mining 7CCSMDM1/Coursework/CW1/Detergents_Paper_Delicassen.png> <c:/Users/merli/OneDrive - King's College London/modules/Data Mining 7CCSMDM1/Coursework/CW1/Fresh_Detergents_Paper.png> <c:/Users/merli/OneDrive - King's College London/modules/Data Mining 7CCSMDM1/Coursework/CW1/Fresh_Frozen.png> <c:/Users/merli/OneDrive - King's College London/modules/Data Mining 7CCSMDM1/Coursework/CW1/Fresh_Grocery.png> <c:/Users/merli/OneDrive - King's College London/modules/Data Mining 7CCSMDM1/Coursework/CW1/Fresh_Milk.png> <c:/Users/merli/OneDrive - King's College London/modules/Data Mining 7CCSMDM1/Coursework/CW1/Frozen_Delicassen.png> <c:/Users/merli/OneDrive - King's College London/modules/Data Mining 7CCSMDM1/Coursework/CW1/Frozen_Detergents_Paper.png> <c:/Users/merli/OneDrive - King's College London/modules/Data Mining 7CCSMDM1/Coursework/CW1/Grocery_Delicassen.png> <c:/Users/merli/OneDrive - King's College London/modules/Data Mining 7CCSMDM1/Coursework/CW1/Grocery_Detergents_Paper.png> <c:/Users/merli/OneDrive - King's College London/modules/Data Mining 7CCSMDM1/Coursework/CW1/Grocery_Frozen.png> <c:/Users/merli/OneDrive - King's College London/modules/Data Mining 7CCSMDM1/Coursework/CW1/Milk_Delicassen.png> <c:/Users/merli/OneDrive - King's College London/modules/Data Mining 7CCSMDM1/Coursework/CW1/Milk_Detergents_Paper.png> <c:/Users/merli/OneDrive - King's College London/modules/Data Mining 7CCSMDM1/Coursework/CW1/Milk_Frozen.png> <c:/Users/merli/OneDrive - King's College London/modules/Data Mining 7CCSMDM1/Coursework/CW1/Milk_Grocery.png>]
LaTeX Font Info:    Trying to load font information for OMS+cmr on input line 311.
 (C:\Users\merli\AppData\Local\Programs\MiKTeX\tex/latex/base\omscmr.fd
File: omscmr.fd 2019/12/16 v2.5j Standard LaTeX font definitions
)
LaTeX Font Info:    Font shape `OMS/cmr/m/n' in size <10> not available
(Font)              Font shape `OMS/cmsy/m/n' tried instead on input line 311.
 [5] ("c:/Users\merli\OneDrive - King's College London\modules\Data Mining 7CCSMDM1\Coursework\CW1\Report.aux") ) 
Here is how much of TeX's memory you used:
 3235 strings out of 479618
 56218 string characters out of 2865026
 349696 words of memory out of 3000000
 20405 multiletter control sequences out of 15000+200000
 407676 words of font info for 41 fonts, out of 3000000 for 9000
 1141 hyphenation exceptions out of 8191
 71i,15n,79p,349b,447s stack positions out of 5000i,500n,10000p,200000b,50000s
<C:/Users/merli/AppData/Local/Programs/MiKTeX/fonts/type1/public/amsfonts/cm/cmbx12.pfb><C:/Users/merli/AppData/Local/Programs/MiKTeX/fonts/type1/public/amsfonts/cm/cmex10.pfb><C:/Users/merli/AppData/Local/Programs/MiKTeX/fonts/type1/public/amsfonts/cm/cmmi10.pfb><C:/Users/merli/AppData/Local/Programs/MiKTeX/fonts/type1/public/amsfonts/cm/cmmi7.pfb><C:/Users/merli/AppData/Local/Programs/MiKTeX/fonts/type1/public/amsfonts/cm/cmr10.pfb><C:/Users/merli/AppData/Local/Programs/MiKTeX/fonts/type1/public/amsfonts/cm/cmr12.pfb><C:/Users/merli/AppData/Local/Programs/MiKTeX/fonts/type1/public/amsfonts/cm/cmr17.pfb><C:/Users/merli/AppData/Local/Programs/MiKTeX/fonts/type1/public/amsfonts/cm/cmr7.pfb><C:/Users/merli/AppData/Local/Programs/MiKTeX/fonts/type1/public/amsfonts/cm/cmr8.pfb><C:/Users/merli/AppData/Local/Programs/MiKTeX/fonts/type1/public/amsfonts/cm/cmr9.pfb><C:/Users/merli/AppData/Local/Programs/MiKTeX/fonts/type1/public/amsfonts/cm/cmsy10.pfb><C:/Users/merli/AppData/Local/Programs/MiKTeX/fonts/type1/public/amsfonts/cm/cmsy7.pfb>
Output written on "c:/Users\merli\OneDrive - King's College London\modules\Data Mining 7CCSMDM1\Coursework\CW1\Report.pdf" (5 pages, 399219 bytes).
PDF statistics:
 97 PDF objects out of 1000 (max. 8388607)
 0 named destinations out of 1000 (max. 500000)
 76 words of extra memory for PDF output out of 10000 (max. 10000000)

